#
# A fatal error has been detected by the Java Runtime Environment:
#
#  SIGSEGV (0xb) at pc=0x00007fff91ac90dd, pid=63780, tid=1811
#
# JRE version: Java(TM) SE Runtime Environment (8.0_45-b14) (build 1.8.0_45-b14)
# Java VM: Java HotSpot(TM) 64-Bit Server VM (25.45-b02 mixed mode bsd-amd64 compressed oops)
# Problematic frame:
# C  [libobjc.A.dylib+0x10dd]  objc_msgSend+0x1d
#
# Failed to write core dump. Core dumps have been disabled. To enable core dumping, try "ulimit -c unlimited" before starting Java again
#
# If you would like to submit a bug report, please visit:
#   http://bugreport.java.com/bugreport/crash.jsp
# The crash happened outside the Java Virtual Machine in native code.
# See problematic frame for where to report the bug.
#

---------------  T H R E A D  ---------------

Current thread (0x00007fa6e9911000):  JavaThread "AppKit Thread" daemon [_thread_in_native, id=1811, stack(0x00007fff53eca000,0x00007fff546ca000)]

siginfo: si_signo: 11 (SIGSEGV), si_code: 1 (SEGV_MAPERR), si_addr: 0x000007fa6e940bb8

Registers:
RAX=0x00007fa6e94af200, RBX=0x00007fff546c55b8, RCX=0x0000000000000000, RDX=0x00007fa6e95c2cc0
RSP=0x00007fff546c53d8, RBP=0x00007fff546c53e0, RSI=0x00007fff9680e423, RDI=0x00007fa6e94af200
R8 =0x00007fff546c53c0, R9 =0x0000000000000056, R10=0x00007fff9680e423, R11=0x000007fa6e940ba0
R12=0x00007fa6e950e040, R13=0x00000000000f42f1, R14=0x00007fa6e95a61b0, R15=0x00007fff546c5518
RIP=0x00007fff91ac90dd, EFLAGS=0x0000000000010206, ERR=0x0000000000000004
  TRAPNO=0x000000000000000e

Top of Stack: (sp=0x00007fff546c53d8)
0x00007fff546c53d8:   00007fff8c1f245c 00007fff546c5740
0x00007fff546c53e8:   00007fff8c0e2634 00007fff546c546c
0x00007fff546c53f8:   00007fff546c5470 00007fff546c5474
0x00007fff546c5408:   00007fff7c321e00 ffffffffffffffff
0x00007fff546c5418:   0000000000000810 00007fff7c321e18
0x00007fff546c5428:   00007fa6e95a61b0 0000000000000000
0x00007fff546c5438:   00007fff546c5510 0000000000000000
0x00007fff546c5448:   00007fa6e95a4e50 00007fff546c5590
0x00007fff546c5458:   0000000000000056 00000000000f42f3
0x00007fff546c5468:   00007fa6e95c2cc0 00007fa6e95a4880
0x00007fff546c5478:   00007fa6e950e040 0000000000000001
0x00007fff546c5488:   00000000000f42f1 00007fa6e950e030
0x00007fff546c5498:   00007fff92a48c05 00000001e952b680
0x00007fff546c54a8:   00007fff7c9050d0 0000000042000000
0x00007fff546c54b8:   00007fff92a4fe63 00007fff7c2ec240
0x00007fff546c54c8:   00007fff546c5598 00007fff546c54f0
0x00007fff546c54d8:   00007fff546c5510 0000000000000000
0x00007fff546c54e8:   000000000000000e 0001b30300000001
0x00007fff546c54f8:   00007fa6e950e064 0000000000000000
0x00007fff546c5508:   0000000000000000 00007fa6e95a4ed0
0x00007fff546c5518:   00007fa6e95a61b0 0000002000000000
0x00007fff546c5528:   0000000000000000 00007fff7c9050d0
0x00007fff546c5538:   0000000042000000 00007fff92a4f4f8
0x00007fff546c5548:   00007fff7c2ec350 00007fff546c54a8
0x00007fff546c5558:   0000000000000000 00007fff546c5628
0x00007fff546c5568:   00007fff7caa0ea0 00007fff546c5660
0x00007fff546c5578:   00007fff8fa6eedc 00007fff546c5610
0x00007fff546c5588:   00007fff95f425fd 0000000000000051
0x00007fff546c5598:   0000000000000000 00000000000f42e2
0x00007fff546c55a8:   0000000000000053 0000000000000000
0x00007fff546c55b8:   00000000000f42f1 00007fff546c5634
0x00007fff546c55c8:   000000000040f501 00000000ffffffff 

Instructions: (pc=0x00007fff91ac90dd)
0x00007fff91ac90bd:   00 00 00 48 85 ff 2e 74 7a 40 f6 c7 01 2e 75 7e
0x00007fff91ac90cd:   49 bb f8 ff ff ff ff 7f 00 00 4c 23 1f 49 89 f2
0x00007fff91ac90dd:   45 23 53 18 49 c1 e2 04 4d 03 53 10 49 3b 32 75
0x00007fff91ac90ed:   04 41 ff 62 08 49 83 3a 00 74 6a 4d 3b 53 10 74 

Register to memory mapping:

RAX=0x00007fa6e94af200 is an unknown value
RBX=0x00007fff546c55b8 is pointing into the stack for thread: 0x00007fa6e9911000
RCX=0x0000000000000000 is an unknown value
RDX=0x00007fa6e95c2cc0 is an unknown value
RSP=0x00007fff546c53d8 is pointing into the stack for thread: 0x00007fa6e9911000
RBP=0x00007fff546c53e0 is pointing into the stack for thread: 0x00007fa6e9911000
RSI=0x00007fff9680e423: -[NSTitlebarContainerView transparent]+0x5e307 in /System/Library/Frameworks/AppKit.framework/Versions/C/AppKit at 0x00007fff95e0d000
RDI=0x00007fa6e94af200 is an unknown value
R8 =0x00007fff546c53c0 is pointing into the stack for thread: 0x00007fa6e9911000
R9 =0x0000000000000056 is an unknown value
R10=0x00007fff9680e423: -[NSTitlebarContainerView transparent]+0x5e307 in /System/Library/Frameworks/AppKit.framework/Versions/C/AppKit at 0x00007fff95e0d000
R11=0x000007fa6e940ba0 is an unknown value
R12=0x00007fa6e950e040 is an unknown value
R13=0x00000000000f42f1 is an unknown value
R14=0x00007fa6e95a61b0 is an unknown value
R15=0x00007fff546c5518 is pointing into the stack for thread: 0x00007fa6e9911000


Stack: [0x00007fff53eca000,0x00007fff546ca000],  sp=0x00007fff546c53d8,  free space=8172k
Native frames: (J=compiled Java code, j=interpreted, Vv=VM code, C=native code)
C  [libobjc.A.dylib+0x10dd]  objc_msgSend+0x1d
C  [CoreFoundation+0x10634]  _CFXNotificationPost+0xc44
C  [Foundation+0x79d1]  -[NSNotificationCenter postNotificationName:object:userInfo:]+0x42
C  [AppKit+0x43ac2]  -[NSSurface _disposeSurface]+0x98
C  [AppKit+0x43526]  -[NSSurface setWindow:]+0x42
C  [AppKit+0x33a10]  -[NSView _setWindow:]+0xa33
C  [AppKit+0x6b091]  -[NSView removeFromSuperview]+0x1c5
C  [AppKit+0x14bea9]  -[NSView removeFromSuperviewWithoutNeedingDisplay]+0x26
C  [liblwjgl.dylib+0xa205]  +[MacOSXKeyableWindow destroyWindow]+0xb5
C  [Foundation+0x92d00]  __NSThreadPerformPerform+0x125
C  [CoreFoundation+0x80a01]  __CFRUNLOOP_IS_CALLING_OUT_TO_A_SOURCE0_PERFORM_FUNCTION__+0x11
C  [CoreFoundation+0x72b8d]  __CFRunLoopDoSources0+0x10d
C  [CoreFoundation+0x721bf]  __CFRunLoopRun+0x39f
C  [CoreFoundation+0x71bd8]  CFRunLoopRunSpecific+0x128
C  [HIToolbox+0x3256f]  RunCurrentEventLoopInMode+0xeb
C  [HIToolbox+0x322ea]  ReceiveNextEventCommon+0x1af
C  [HIToolbox+0x3212b]  _BlockUntilNextEventMatchingListInModeWithFilter+0x47
C  [AppKit+0x919bb]  _DPSNextEvent+0x3d2
C  [AppKit+0x90f68]  -[NSApplication nextEventMatchingMask:untilDate:inMode:dequeue:]+0x15a
C  [libosxapp.dylib+0x242a]  -[NSApplicationAWT nextEventMatchingMask:untilDate:inMode:dequeue:]+0x7c
C  [AppKit+0x86bf3]  -[NSApplication run]+0x252
C  [libosxapp.dylib+0x223e]  +[NSApplicationAWT runAWTLoopWithApp:]+0x9c
C  [libawt_lwawt.dylib+0x4462b]  -[AWTStarter starter:]+0x389
C  [Foundation+0x92d00]  __NSThreadPerformPerform+0x125
C  [CoreFoundation+0x80a01]  __CFRUNLOOP_IS_CALLING_OUT_TO_A_SOURCE0_PERFORM_FUNCTION__+0x11
C  [CoreFoundation+0x72b8d]  __CFRunLoopDoSources0+0x10d
C  [CoreFoundation+0x721bf]  __CFRunLoopRun+0x39f
C  [CoreFoundation+0x71bd8]  CFRunLoopRunSpecific+0x128
C  [java+0x6490]  CreateExecutionEnvironment+0x367
C  [java+0x221c]  JLI_Launch+0x7a0
C  [java+0x84ed]  main+0x65
C  [java+0x1a74]  start+0x34
C  0x0000000000000005


---------------  P R O C E S S  ---------------

Java Threads: ( => current thread )
  0x00007fa6ea8d4000 JavaThread "AWT-Shutdown" [_thread_blocked, id=28179, stack(0x0000000124262000,0x0000000124362000)]
=>0x00007fa6e9911000 JavaThread "AppKit Thread" daemon [_thread_in_native, id=1811, stack(0x00007fff53eca000,0x00007fff546ca000)]
  0x00007fa6e984c800 JavaThread "Service Thread" daemon [_thread_blocked, id=18179, stack(0x000000012274b000,0x000000012284b000)]
  0x00007fa6ea853800 JavaThread "C1 CompilerThread2" daemon [_thread_blocked, id=17667, stack(0x0000000122648000,0x0000000122748000)]
  0x00007fa6ea853000 JavaThread "C2 CompilerThread1" daemon [_thread_blocked, id=17155, stack(0x0000000122545000,0x0000000122645000)]
  0x00007fa6ea834800 JavaThread "C2 CompilerThread0" daemon [_thread_blocked, id=16643, stack(0x0000000122442000,0x0000000122542000)]
  0x00007fa6ea004000 JavaThread "Signal Dispatcher" daemon [_thread_blocked, id=16159, stack(0x000000012233f000,0x000000012243f000)]
  0x00007fa6e9848800 JavaThread "Finalizer" daemon [_thread_blocked, id=11523, stack(0x0000000120939000,0x0000000120a39000)]
  0x00007fa6e9847800 JavaThread "Reference Handler" daemon [_thread_blocked, id=11011, stack(0x0000000120836000,0x0000000120936000)]
  0x00007fa6e9813000 JavaThread "main" [_thread_in_native, id=4867, stack(0x000000010b64d000,0x000000010b74d000)]

Other Threads:
  0x00007fa6ea829000 VMThread [stack: 0x0000000120733000,0x0000000120833000] [id=10499]
  0x00007fa6e984d000 WatcherThread [stack: 0x000000012284e000,0x000000012294e000] [id=18691]

VM state:not at safepoint (normal execution)

VM Mutex/Monitor currently owned by a thread: None

Heap:
 PSYoungGen      total 18944K, used 6322K [0x00000007aab00000, 0x00000007ac000000, 0x00000007c0000000)
  eden space 16384K, 38% used [0x00000007aab00000,0x00000007ab12ca50,0x00000007abb00000)
  from space 2560K, 0% used [0x00000007abd80000,0x00000007abd80000,0x00000007ac000000)
  to   space 2560K, 0% used [0x00000007abb00000,0x00000007abb00000,0x00000007abd80000)
 ParOldGen       total 44032K, used 0K [0x0000000780000000, 0x0000000782b00000, 0x00000007aab00000)
  object space 44032K, 0% used [0x0000000780000000,0x0000000780000000,0x0000000782b00000)
 Metaspace       used 5926K, capacity 6047K, committed 6400K, reserved 1056768K
  class space    used 601K, capacity 662K, committed 768K, reserved 1048576K

Card table byte_map: [0x000000011c329000,0x000000011c52a000] byte_map_base: 0x0000000118729000

Marking Bits: (ParMarkBitMap*) 0x000000010c8c27a0
 Begin Bits: [0x000000011ca8c000, 0x000000011da8c000)
 End Bits:   [0x000000011da8c000, 0x000000011ea8c000)

Polling page: 0x000000010b792000

CodeCache: size=245760Kb used=2175Kb max_used=2186Kb free=243584Kb
 bounds [0x000000010cf69000, 0x000000010d1d9000, 0x000000011bf69000]
 total_blobs=843 nmethods=493 adapters=264
 compilation: enabled

Compilation events (10 events):
Event: 5.175 Thread 0x00007fa6ea853800  488       3       org.lwjgl.opengl.Display::pollDevices (31 bytes)
Event: 5.176 Thread 0x00007fa6ea853800 nmethod 488 0x000000010d186a90 code [0x000000010d186ce0, 0x000000010d187918]
Event: 5.176 Thread 0x00007fa6ea853800  490   !   3       org.lwjgl.input.Mouse::updateCursor (71 bytes)
Event: 5.176 Thread 0x00007fa6ea853800 nmethod 490 0x000000010d187f50 code [0x000000010d188120, 0x000000010d1887a8]
Event: 5.406 Thread 0x00007fa6ea853800  491       3       java.nio.Buffer::nextPutIndex (38 bytes)
Event: 5.407 Thread 0x00007fa6ea853800 nmethod 491 0x000000010d188a90 code [0x000000010d188c00, 0x000000010d188e28]
Event: 5.558 Thread 0x00007fa6ea853000  492       4       org.lwjgl.opengl.GL11::glColor3f (24 bytes)
Event: 5.561 Thread 0x00007fa6ea853000 nmethod 492 0x000000010d18bc50 code [0x000000010d18bda0, 0x000000010d18bee8]
Event: 5.761 Thread 0x00007fa6ea834800  493       4       java.nio.DirectByteBuffer::put (18 bytes)
Event: 5.762 Thread 0x00007fa6ea834800 nmethod 493 0x000000010d179c50 code [0x000000010d179da0, 0x000000010d179e58]

GC Heap History (0 events):
No events

Deoptimization events (0 events):
No events

Internal exceptions (10 events):
Event: 0.040 Thread 0x00007fa6e9813000 Exception <a 'java/lang/NoSuchMethodError': Method sun.misc.Unsafe.defineClass(Ljava/lang/String;[BII)Ljava/lang/Class; name or signature does not match> (0x00000007aab12db0) thrown at [/Users/java_re/workspace/8-2-build-macosx-x86_64/jdk8u45/3457/hotspot
Event: 0.040 Thread 0x00007fa6e9813000 Exception <a 'java/lang/NoSuchMethodError': Method sun.misc.Unsafe.prefetchRead(Ljava/lang/Object;J)V name or signature does not match> (0x00000007aab13040) thrown at [/Users/java_re/workspace/8-2-build-macosx-x86_64/jdk8u45/3457/hotspot/src/share/vm/prim
Event: 0.125 Thread 0x00007fa6e9813000 Exception <a 'java/security/PrivilegedActionException'> (0x00000007aacf16a8) thrown at [/Users/java_re/workspace/8-2-build-macosx-x86_64/jdk8u45/3457/hotspot/src/share/vm/prims/jvm.cpp, line 1382]
Event: 0.125 Thread 0x00007fa6e9813000 Exception <a 'java/security/PrivilegedActionException'> (0x00000007aacf1860) thrown at [/Users/java_re/workspace/8-2-build-macosx-x86_64/jdk8u45/3457/hotspot/src/share/vm/prims/jvm.cpp, line 1382]
Event: 0.125 Thread 0x00007fa6e9813000 Exception <a 'java/security/PrivilegedActionException'> (0x00000007aacf4be0) thrown at [/Users/java_re/workspace/8-2-build-macosx-x86_64/jdk8u45/3457/hotspot/src/share/vm/prims/jvm.cpp, line 1382]
Event: 0.125 Thread 0x00007fa6e9813000 Exception <a 'java/security/PrivilegedActionException'> (0x00000007aacf4d98) thrown at [/Users/java_re/workspace/8-2-build-macosx-x86_64/jdk8u45/3457/hotspot/src/share/vm/prims/jvm.cpp, line 1382]
Event: 0.428 Thread 0x00007fa6e9813000 Exception <a 'java/io/FileNotFoundException'> (0x00000007aacf8c68) thrown at [/Users/java_re/workspace/8-2-build-macosx-x86_64/jdk8u45/3457/hotspot/src/share/vm/prims/jni.cpp, line 709]
Event: 0.428 Thread 0x00007fa6e9813000 Exception <a 'java/io/FileNotFoundException'> (0x00000007aacf97a8) thrown at [/Users/java_re/workspace/8-2-build-macosx-x86_64/jdk8u45/3457/hotspot/src/share/vm/prims/jni.cpp, line 709]
Event: 0.487 Thread 0x00007fa6e9911000 Exception <a 'java/lang/NoSuchFieldError': method resolution failed> (0x00000007aae10a58) thrown at [/Users/java_re/workspace/8-2-build-macosx-x86_64/jdk8u45/3457/hotspot/src/share/vm/prims/methodHandles.cpp, line 1125]
Event: 0.491 Thread 0x00007fa6e9911000 Exception <a 'java/lang/NoSuchFieldError': method resolution failed> (0x00000007aae1f0f8) thrown at [/Users/java_re/workspace/8-2-build-macosx-x86_64/jdk8u45/3457/hotspot/src/share/vm/prims/methodHandles.cpp, line 1125]

Events (10 events):
Event: 0.679 loading class org/lwjgl/util/vector/WritableVector3f
Event: 0.679 loading class org/lwjgl/util/vector/WritableVector3f done
Event: 0.679 loading class org/lwjgl/util/vector/WritableVector2f
Event: 0.679 loading class org/lwjgl/util/vector/WritableVector2f done
Event: 0.679 loading class org/lwjgl/util/vector/Vector
Event: 0.679 loading class org/lwjgl/util/vector/Vector done
Event: 4.107 Executing VM operation: EnableBiasedLocking
Event: 4.108 Executing VM operation: EnableBiasedLocking done
Event: 5.760 loading class org/lwjgl/opengl/CallbackUtil
Event: 5.760 loading class org/lwjgl/opengl/CallbackUtil done


Dynamic libraries:
0x000000000b39c000 	/System/Library/Frameworks/Cocoa.framework/Versions/A/Cocoa
0x000000000b39c000 	/System/Library/Frameworks/Security.framework/Versions/A/Security
0x000000000b39c000 	/System/Library/Frameworks/ApplicationServices.framework/Versions/A/ApplicationServices
0x000000000b39c000 	/usr/lib/libz.1.dylib
0x000000000b39c000 	/usr/lib/libSystem.B.dylib
0x000000000b39c000 	/usr/lib/libobjc.A.dylib
0x000000000b39c000 	/System/Library/Frameworks/CoreFoundation.framework/Versions/A/CoreFoundation
0x000000000b39c000 	/System/Library/Frameworks/Foundation.framework/Versions/C/Foundation
0x000000000b39c000 	/System/Library/Frameworks/AppKit.framework/Versions/C/AppKit
0x000000000b39c000 	/System/Library/Frameworks/CoreData.framework/Versions/A/CoreData
0x000000000b39c000 	/System/Library/PrivateFrameworks/RemoteViewServices.framework/Versions/A/RemoteViewServices
0x000000000b39c000 	/System/Library/PrivateFrameworks/UIFoundation.framework/Versions/A/UIFoundation
0x000000000b39c000 	/System/Library/Frameworks/IOSurface.framework/Versions/A/IOSurface
0x000000000b39c000 	/System/Library/Frameworks/AudioToolbox.framework/Versions/A/AudioToolbox
0x000000000b39c000 	/System/Library/Frameworks/AudioUnit.framework/Versions/A/AudioUnit
0x000000000b39c000 	/System/Library/PrivateFrameworks/DataDetectorsCore.framework/Versions/A/DataDetectorsCore
0x000000000b39c000 	/System/Library/PrivateFrameworks/DesktopServicesPriv.framework/Versions/A/DesktopServicesPriv
0x000000000b39c000 	/System/Library/Frameworks/Carbon.framework/Versions/A/Frameworks/HIToolbox.framework/Versions/A/HIToolbox
0x000000000b39c000 	/System/Library/Frameworks/QuartzCore.framework/Versions/A/QuartzCore
0x000000000b39c000 	/System/Library/Frameworks/Carbon.framework/Versions/A/Frameworks/SpeechRecognition.framework/Versions/A/SpeechRecognition
0x000000000b39c000 	/usr/lib/libauto.dylib
0x000000000b39c000 	/usr/lib/libicucore.A.dylib
0x000000000b39c000 	/usr/lib/libxml2.2.dylib
0x000000000b39c000 	/System/Library/PrivateFrameworks/CoreUI.framework/Versions/A/CoreUI
0x000000000b39c000 	/System/Library/Frameworks/CoreAudio.framework/Versions/A/CoreAudio
0x000000000b39c000 	/System/Library/Frameworks/DiskArbitration.framework/Versions/A/DiskArbitration
0x000000000b39c000 	/usr/lib/liblangid.dylib
0x000000000b39c000 	/System/Library/PrivateFrameworks/MultitouchSupport.framework/Versions/A/MultitouchSupport
0x000000000b39c000 	/System/Library/Frameworks/IOKit.framework/Versions/A/IOKit
0x000000000b39c000 	/usr/lib/libDiagnosticMessagesClient.dylib
0x000000000b39c000 	/System/Library/Frameworks/CoreServices.framework/Versions/A/CoreServices
0x000000000b39c000 	/System/Library/PrivateFrameworks/PerformanceAnalysis.framework/Versions/A/PerformanceAnalysis
0x000000000b39c000 	/System/Library/PrivateFrameworks/GenerationalStorage.framework/Versions/A/GenerationalStorage
0x000000000b39c000 	/System/Library/Frameworks/OpenGL.framework/Versions/A/OpenGL
0x000000000b39c000 	/System/Library/PrivateFrameworks/Sharing.framework/Versions/A/Sharing
0x000000000b39c000 	/System/Library/Frameworks/CoreGraphics.framework/Versions/A/CoreGraphics
0x000000000b39c000 	/System/Library/Frameworks/CoreText.framework/Versions/A/CoreText
0x000000000b39c000 	/System/Library/Frameworks/ImageIO.framework/Versions/A/ImageIO
0x000000000b39c000 	/usr/lib/libextension.dylib
0x000000000b39c000 	/System/Library/PrivateFrameworks/Backup.framework/Versions/A/Backup
0x000000000b39c000 	/usr/lib/libarchive.2.dylib
0x000000000b39c000 	/System/Library/Frameworks/CFNetwork.framework/Versions/A/CFNetwork
0x000000000b39c000 	/System/Library/Frameworks/SystemConfiguration.framework/Versions/A/SystemConfiguration
0x000000000b39c000 	/usr/lib/libCRFSuite.dylib
0x000000000b39c000 	/usr/lib/libc++.1.dylib
0x000000000b39c000 	/usr/lib/libc++abi.dylib
0x000000000b39c000 	/usr/lib/system/libcache.dylib
0x000000000b39c000 	/usr/lib/system/libcommonCrypto.dylib
0x000000000b39c000 	/usr/lib/system/libcompiler_rt.dylib
0x000000000b39c000 	/usr/lib/system/libcopyfile.dylib
0x000000000b39c000 	/usr/lib/system/libcorecrypto.dylib
0x000000000b39c000 	/usr/lib/system/libdispatch.dylib
0x000000000b39c000 	/usr/lib/system/libdyld.dylib
0x000000000b39c000 	/usr/lib/system/libkeymgr.dylib
0x000000000b39c000 	/usr/lib/system/liblaunch.dylib
0x000000000b39c000 	/usr/lib/system/libmacho.dylib
0x000000000b39c000 	/usr/lib/system/libquarantine.dylib
0x000000000b39c000 	/usr/lib/system/libremovefile.dylib
0x000000000b39c000 	/usr/lib/system/libsystem_asl.dylib
0x000000000b39c000 	/usr/lib/system/libsystem_blocks.dylib
0x000000000b39c000 	/usr/lib/system/libsystem_c.dylib
0x000000000b39c000 	/usr/lib/system/libsystem_configuration.dylib
0x000000000b39c000 	/usr/lib/system/libsystem_coreservices.dylib
0x000000000b39c000 	/usr/lib/system/libsystem_coretls.dylib
0x000000000b39c000 	/usr/lib/system/libsystem_dnssd.dylib
0x000000000b39c000 	/usr/lib/system/libsystem_info.dylib
0x000000000b39c000 	/usr/lib/system/libsystem_kernel.dylib
0x000000000b39c000 	/usr/lib/system/libsystem_m.dylib
0x000000000b39c000 	/usr/lib/system/libsystem_malloc.dylib
0x000000000b39c000 	/usr/lib/system/libsystem_network.dylib
0x000000000b39c000 	/usr/lib/system/libsystem_networkextension.dylib
0x000000000b39c000 	/usr/lib/system/libsystem_notify.dylib
0x000000000b39c000 	/usr/lib/system/libsystem_platform.dylib
0x000000000b39c000 	/usr/lib/system/libsystem_pthread.dylib
0x000000000b39c000 	/usr/lib/system/libsystem_sandbox.dylib
0x000000000b39c000 	/usr/lib/system/libsystem_secinit.dylib
0x000000000b39c000 	/usr/lib/system/libsystem_stats.dylib
0x000000000b39c000 	/usr/lib/system/libsystem_trace.dylib
0x000000000b39c000 	/usr/lib/system/libunc.dylib
0x000000000b39c000 	/usr/lib/system/libunwind.dylib
0x000000000b39c000 	/usr/lib/system/libxpc.dylib
0x000000000b39c000 	/usr/lib/libbz2.1.0.dylib
0x000000000b39c000 	/usr/lib/liblzma.5.dylib
0x000000000b39c000 	/usr/lib/libbsm.0.dylib
0x000000000b39c000 	/usr/lib/libsqlite3.dylib
0x000000000b39c000 	/usr/lib/system/libkxld.dylib
0x000000000b39c000 	/usr/lib/libxar.1.dylib
0x000000000b39c000 	/usr/lib/libpam.2.dylib
0x000000000b39c000 	/usr/lib/libOpenScriptingUtil.dylib
0x000000000b39c000 	/System/Library/Frameworks/CoreServices.framework/Versions/A/Frameworks/FSEvents.framework/Versions/A/FSEvents
0x000000000b39c000 	/System/Library/Frameworks/CoreServices.framework/Versions/A/Frameworks/CarbonCore.framework/Versions/A/CarbonCore
0x000000000b39c000 	/System/Library/Frameworks/CoreServices.framework/Versions/A/Frameworks/Metadata.framework/Versions/A/Metadata
0x000000000b39c000 	/System/Library/Frameworks/CoreServices.framework/Versions/A/Frameworks/OSServices.framework/Versions/A/OSServices
0x000000000b39c000 	/System/Library/Frameworks/CoreServices.framework/Versions/A/Frameworks/SearchKit.framework/Versions/A/SearchKit
0x000000000b39c000 	/System/Library/Frameworks/CoreServices.framework/Versions/A/Frameworks/AE.framework/Versions/A/AE
0x000000000b39c000 	/System/Library/Frameworks/CoreServices.framework/Versions/A/Frameworks/LaunchServices.framework/Versions/A/LaunchServices
0x000000000b39c000 	/System/Library/Frameworks/CoreServices.framework/Versions/A/Frameworks/DictionaryServices.framework/Versions/A/DictionaryServices
0x000000000b39c000 	/System/Library/Frameworks/NetFS.framework/Versions/A/NetFS
0x000000000b39c000 	/System/Library/PrivateFrameworks/NetAuth.framework/Versions/A/NetAuth
0x000000000b39c000 	/System/Library/PrivateFrameworks/login.framework/Versions/A/Frameworks/loginsupport.framework/Versions/A/loginsupport
0x000000000b39c000 	/System/Library/PrivateFrameworks/TCC.framework/Versions/A/TCC
0x000000000b39c000 	/usr/lib/libmecabra.dylib
0x000000000b39c000 	/System/Library/Frameworks/ApplicationServices.framework/Versions/A/Frameworks/ATS.framework/Versions/A/ATS
0x000000000b39c000 	/System/Library/Frameworks/ApplicationServices.framework/Versions/A/Frameworks/ColorSync.framework/Versions/A/ColorSync
0x000000000b39c000 	/System/Library/Frameworks/ApplicationServices.framework/Versions/A/Frameworks/HIServices.framework/Versions/A/HIServices
0x000000000b39c000 	/System/Library/Frameworks/ApplicationServices.framework/Versions/A/Frameworks/LangAnalysis.framework/Versions/A/LangAnalysis
0x000000000b39c000 	/System/Library/Frameworks/ApplicationServices.framework/Versions/A/Frameworks/PrintCore.framework/Versions/A/PrintCore
0x000000000b39c000 	/System/Library/Frameworks/ApplicationServices.framework/Versions/A/Frameworks/QD.framework/Versions/A/QD
0x000000000b39c000 	/System/Library/Frameworks/ApplicationServices.framework/Versions/A/Frameworks/SpeechSynthesis.framework/Versions/A/SpeechSynthesis
0x000000000b39c000 	/System/Library/Frameworks/Accelerate.framework/Versions/A/Accelerate
0x000000000b39c000 	/System/Library/Frameworks/Accelerate.framework/Versions/A/Frameworks/vImage.framework/Versions/A/vImage
0x000000000b39c000 	/System/Library/Frameworks/Accelerate.framework/Versions/A/Frameworks/vecLib.framework/Versions/A/vecLib
0x000000000b39c000 	/System/Library/Frameworks/Accelerate.framework/Versions/A/Frameworks/vecLib.framework/Versions/A/libvDSP.dylib
0x000000000b39c000 	/System/Library/Frameworks/Accelerate.framework/Versions/A/Frameworks/vecLib.framework/Versions/A/libvMisc.dylib
0x000000000b39c000 	/System/Library/Frameworks/Accelerate.framework/Versions/A/Frameworks/vecLib.framework/Versions/A/libLAPACK.dylib
0x000000000b39c000 	/System/Library/Frameworks/Accelerate.framework/Versions/A/Frameworks/vecLib.framework/Versions/A/libBLAS.dylib
0x000000000b39c000 	/System/Library/Frameworks/Accelerate.framework/Versions/A/Frameworks/vecLib.framework/Versions/A/libLinearAlgebra.dylib
0x000000000b39c000 	/System/Library/Frameworks/ApplicationServices.framework/Versions/A/Frameworks/ATS.framework/Versions/A/Resources/libFontParser.dylib
0x000000000b39c000 	/System/Library/Frameworks/ApplicationServices.framework/Versions/A/Frameworks/ATS.framework/Versions/A/Resources/libFontRegistry.dylib
0x000000000b39c000 	/System/Library/PrivateFrameworks/AppleVPA.framework/Versions/A/AppleVPA
0x000000000b39c000 	/System/Library/PrivateFrameworks/AppleJPEG.framework/Versions/A/AppleJPEG
0x000000000b39c000 	/System/Library/Frameworks/ImageIO.framework/Versions/A/Resources/libJPEG.dylib
0x000000000b39c000 	/System/Library/Frameworks/ImageIO.framework/Versions/A/Resources/libTIFF.dylib
0x000000000b39c000 	/System/Library/Frameworks/ImageIO.framework/Versions/A/Resources/libPng.dylib
0x000000000b39c000 	/System/Library/Frameworks/ImageIO.framework/Versions/A/Resources/libGIF.dylib
0x000000000b39c000 	/System/Library/Frameworks/ImageIO.framework/Versions/A/Resources/libJP2.dylib
0x000000000b39c000 	/System/Library/Frameworks/ImageIO.framework/Versions/A/Resources/libRadiance.dylib
0x000000000b39c000 	/System/Library/Frameworks/CoreVideo.framework/Versions/A/CoreVideo
0x000000000b39c000 	/System/Library/Frameworks/OpenGL.framework/Versions/A/Libraries/libGLU.dylib
0x000000000b39c000 	/System/Library/Frameworks/OpenGL.framework/Versions/A/Libraries/libGFXShared.dylib
0x000000000b39c000 	/System/Library/Frameworks/OpenGL.framework/Versions/A/Libraries/libGL.dylib
0x000000000b39c000 	/System/Library/Frameworks/OpenGL.framework/Versions/A/Libraries/libGLImage.dylib
0x000000000b39c000 	/System/Library/Frameworks/OpenGL.framework/Versions/A/Libraries/libCVMSPluginSupport.dylib
0x000000000b39c000 	/System/Library/Frameworks/OpenGL.framework/Versions/A/Libraries/libCoreVMClient.dylib
0x000000000b39c000 	/usr/lib/libcups.2.dylib
0x000000000b39c000 	/System/Library/Frameworks/Kerberos.framework/Versions/A/Kerberos
0x000000000b39c000 	/System/Library/Frameworks/GSS.framework/Versions/A/GSS
0x000000000b39c000 	/usr/lib/libresolv.9.dylib
0x000000000b39c000 	/usr/lib/libiconv.2.dylib
0x000000000b39c000 	/System/Library/PrivateFrameworks/Heimdal.framework/Versions/A/Heimdal
0x000000000b39c000 	/usr/lib/libheimdal-asn1.dylib
0x000000000b39c000 	/System/Library/Frameworks/OpenDirectory.framework/Versions/A/OpenDirectory
0x000000000b39c000 	/System/Library/PrivateFrameworks/CommonAuth.framework/Versions/A/CommonAuth
0x000000000b39c000 	/System/Library/Frameworks/OpenDirectory.framework/Versions/A/Frameworks/CFOpenDirectory.framework/Versions/A/CFOpenDirectory
0x000000000b39c000 	/System/Library/Frameworks/SecurityFoundation.framework/Versions/A/SecurityFoundation
0x000000000b39c000 	/System/Library/PrivateFrameworks/LanguageModeling.framework/Versions/A/LanguageModeling
0x000000000b39c000 	/usr/lib/libcmph.dylib
0x000000000b39c000 	/System/Library/Frameworks/ServiceManagement.framework/Versions/A/ServiceManagement
0x000000000b39c000 	/usr/lib/libxslt.1.dylib
0x000000000b39c000 	/System/Library/Frameworks/Carbon.framework/Versions/A/Frameworks/Ink.framework/Versions/A/Ink
0x000000000b39c000 	/System/Library/Frameworks/QuartzCore.framework/Versions/A/Frameworks/CoreImage.framework/Versions/A/CoreImage
0x000000000b39c000 	/System/Library/PrivateFrameworks/CrashReporterSupport.framework/Versions/A/CrashReporterSupport
0x000000000b39c000 	/System/Library/Frameworks/OpenCL.framework/Versions/A/OpenCL
0x000000000b39c000 	/System/Library/PrivateFrameworks/FaceCore.framework/Versions/A/FaceCore
0x000000000b39c000 	/System/Library/PrivateFrameworks/Ubiquity.framework/Versions/A/Ubiquity
0x000000000b39c000 	/System/Library/PrivateFrameworks/IconServices.framework/Versions/A/IconServices
0x000000000b39c000 	/System/Library/PrivateFrameworks/ChunkingLibrary.framework/Versions/A/ChunkingLibrary
0x000000000b39c000 	/System/Library/PrivateFrameworks/Apple80211.framework/Versions/A/Apple80211
0x000000000b39c000 	/System/Library/Frameworks/CoreWLAN.framework/Versions/A/CoreWLAN
0x000000000b39c000 	/System/Library/Frameworks/IOBluetooth.framework/Versions/A/IOBluetooth
0x000000000b39c000 	/System/Library/PrivateFrameworks/CoreWiFi.framework/Versions/A/CoreWiFi
0x000000000b39c000 	/System/Library/Frameworks/CoreBluetooth.framework/Versions/A/CoreBluetooth
0x000000000b39c000 	/System/Library/PrivateFrameworks/DebugSymbols.framework/Versions/A/DebugSymbols
0x000000000b39c000 	/System/Library/PrivateFrameworks/CoreSymbolication.framework/Versions/A/CoreSymbolication
0x000000000b39c000 	/System/Library/PrivateFrameworks/Symbolication.framework/Versions/A/Symbolication
0x000000000b39c000 	/System/Library/PrivateFrameworks/SpeechRecognitionCore.framework/Versions/A/SpeechRecognitionCore
0x000000010c000000 	/Library/Java/JavaVirtualMachines/jdk1.8.0_45.jdk/Contents/Home/jre/lib/server/libjvm.dylib
0x000000000b39c000 	/usr/lib/libstdc++.6.dylib
0x000000010b74f000 	/Library/Java/JavaVirtualMachines/jdk1.8.0_45.jdk/Contents/Home/jre/lib/libverify.dylib
0x000000010b75d000 	/Library/Java/JavaVirtualMachines/jdk1.8.0_45.jdk/Contents/Home/jre/lib/libjava.dylib
0x000000010b79c000 	/Library/Java/JavaVirtualMachines/jdk1.8.0_45.jdk/Contents/Home/jre/lib/libzip.dylib
0x000000010b7e2000 	/System/Library/Frameworks/JavaVM.framework/Frameworks/JavaRuntimeSupport.framework/JavaRuntimeSupport
0x0000000120a3b000 	/System/Library/Frameworks/JavaVM.framework/Versions/A/Frameworks/JavaNativeFoundation.framework/Versions/A/JavaNativeFoundation
0x0000000120a4f000 	/System/Library/Frameworks/JavaVM.framework/Versions/A/JavaVM
0x000000000b39c000 	/System/Library/Frameworks/Carbon.framework/Versions/A/Carbon
0x0000000120a5b000 	/System/Library/PrivateFrameworks/JavaLaunching.framework/Versions/A/JavaLaunching
0x000000000b39c000 	/System/Library/Frameworks/Carbon.framework/Versions/A/Frameworks/CommonPanels.framework/Versions/A/CommonPanels
0x000000000b39c000 	/System/Library/Frameworks/Carbon.framework/Versions/A/Frameworks/Help.framework/Versions/A/Help
0x000000000b39c000 	/System/Library/Frameworks/Carbon.framework/Versions/A/Frameworks/ImageCapture.framework/Versions/A/ImageCapture
0x000000000b39c000 	/System/Library/Frameworks/Carbon.framework/Versions/A/Frameworks/OpenScripting.framework/Versions/A/OpenScripting
0x000000000b39c000 	/System/Library/Frameworks/Carbon.framework/Versions/A/Frameworks/Print.framework/Versions/A/Print
0x000000000b39c000 	/System/Library/Frameworks/Carbon.framework/Versions/A/Frameworks/SecurityHI.framework/Versions/A/SecurityHI
0x00000001229b2000 	/Library/Java/JavaVirtualMachines/jdk1.8.0_45.jdk/Contents/Home/jre/lib/libawt.dylib
0x0000000122a5a000 	/Library/Java/JavaVirtualMachines/jdk1.8.0_45.jdk/Contents/Home/jre/lib/./libmlib_image.dylib
0x0000000122b26000 	/Library/Java/JavaVirtualMachines/jdk1.8.0_45.jdk/Contents/Home/jre/lib/libawt_lwawt.dylib
0x0000000122bda000 	/Library/Java/JavaVirtualMachines/jdk1.8.0_45.jdk/Contents/Home/jre/lib/./libosxapp.dylib
0x000000000b39c000 	/System/Library/Frameworks/ExceptionHandling.framework/Versions/A/ExceptionHandling
0x000000000b39c000 	/System/Library/PrivateFrameworks/CoreServicesInternal.framework/Versions/A/CoreServicesInternal
0x000000000b39c000 	/System/Library/PrivateFrameworks/CloudDocs.framework/Versions/A/CloudDocs
0x000000000b39c000 	/System/Library/PrivateFrameworks/CoreDuet.framework/Versions/A/CoreDuet
0x000000000b39c000 	/System/Library/Frameworks/CloudKit.framework/Versions/A/CloudKit
0x000000000b39c000 	/System/Library/PrivateFrameworks/ProtocolBuffer.framework/Versions/A/ProtocolBuffer
0x000000000b39c000 	/System/Library/PrivateFrameworks/CoreDuetDaemonProtocol.framework/Versions/A/CoreDuetDaemonProtocol
0x000000000b39c000 	/System/Library/PrivateFrameworks/CoreDuetDebugLogging.framework/Versions/A/CoreDuetDebugLogging
0x000000000b39c000 	/System/Library/PrivateFrameworks/MMCS.framework/Versions/A/MMCS
0x000000000b39c000 	/System/Library/Frameworks/CoreLocation.framework/Versions/A/CoreLocation
0x000000000b39c000 	/System/Library/PrivateFrameworks/ProtectedCloudStorage.framework/Versions/A/ProtectedCloudStorage
0x000000000b39c000 	/System/Library/PrivateFrameworks/GeoServices.framework/Versions/A/GeoServices
0x000000000b39c000 	/System/Library/Frameworks/CoreGraphics.framework/Versions/A/Resources/libCGCMS.A.dylib
0x000000000b39c000 	/System/Library/Frameworks/CoreGraphics.framework/Versions/A/Resources/libRIP.A.dylib
0x000000000b39c000 	/System/Library/Frameworks/CoreGraphics.framework/Versions/A/Resources/libCGXType.A.dylib
0x000000000b39c000 	/System/Library/Frameworks/OpenCL.framework/Versions/A/Libraries/libcldcpuengine.dylib
0x000000000b39c000 	/System/Library/PrivateFrameworks/DiskImages.framework/Versions/A/DiskImages
0x000000000b39c000 	/System/Library/Frameworks/DiscRecording.framework/Versions/A/DiscRecording
0x000000000b39c000 	/usr/lib/libcsfde.dylib
0x000000000b39c000 	/usr/lib/libcurl.4.dylib
0x000000000b39c000 	/System/Library/PrivateFrameworks/MediaKit.framework/Versions/A/MediaKit
0x000000000b39c000 	/usr/lib/libCoreStorage.dylib
0x000000000b39c000 	/System/Library/PrivateFrameworks/EFILogin.framework/Versions/A/EFILogin
0x000000000b39c000 	/usr/lib/libutil.dylib
0x000000000b39c000 	/System/Library/PrivateFrameworks/FindMyDevice.framework/Versions/A/FindMyDevice
0x000000000b39c000 	/System/Library/Frameworks/LDAP.framework/Versions/A/LDAP
0x000000000b39c000 	/usr/lib/libsasl2.2.dylib
0x000000000b39c000 	/System/Library/PrivateFrameworks/CoreDaemon.framework/Versions/B/CoreDaemon
0x000000000b39c000 	/usr/lib/libcrypto.0.9.8.dylib
0x000000000b39c000 	/System/Library/PrivateFrameworks/AppleSRP.framework/Versions/A/AppleSRP
0x000000000b39c000 	/System/Library/PrivateFrameworks/TrustEvaluationAgent.framework/Versions/A/TrustEvaluationAgent
0x0000000125d9e000 	cl_kernels
0x0000000125da0000 	/System/Library/Frameworks/OpenCL.framework/Versions/A/Libraries/ImageFormats/unorm8_bgra.dylib
0x0000000125d90000 	cl_kernels
0x000000000b39c000 	/System/Library/PrivateFrameworks/FamilyControls.framework/Versions/A/FamilyControls
0x000000000b39c000 	/System/Library/PrivateFrameworks/CommerceKit.framework/Versions/A/Frameworks/CommerceCore.framework/Versions/A/CommerceCore
0x000000000b39c000 	/System/Library/PrivateFrameworks/SystemAdministration.framework/Versions/A/SystemAdministration
0x000000000b39c000 	/System/Library/PrivateFrameworks/AppContainer.framework/Versions/A/AppContainer
0x000000000b39c000 	/System/Library/PrivateFrameworks/SecCodeWrapper.framework/Versions/A/SecCodeWrapper
0x000000000b39c000 	/System/Library/Frameworks/DirectoryService.framework/Versions/A/DirectoryService
0x000000000b39c000 	/System/Library/PrivateFrameworks/LoginUIKit.framework/Versions/A/Frameworks/LoginUICore.framework/Versions/A/LoginUICore
0x000000000b39c000 	/usr/lib/libodfde.dylib
0x00000001270a7000 	/Library/Java/JavaVirtualMachines/jdk1.8.0_45.jdk/Contents/Home/jre/lib/libfontmanager.dylib
0x000000012710e000 	/Users/alfredtan/FlappyBird/Flappy/lwjgl-2.9.3/native/macosx/liblwjgl.dylib
0x000000012520e000 	/Library/Java/JavaVirtualMachines/jdk1.8.0_45.jdk/Contents/Home/jre/lib/libjawt.dylib
0x000000000b39c000 	/System/Library/Frameworks/OpenGL.framework/Versions/A/Resources/GLEngine.bundle/GLEngine
0x000000000b39c000 	/System/Library/Frameworks/OpenGL.framework/Versions/A/Libraries/libGLProgrammability.dylib
0x0000000000000000 	/System/Library/Extensions/AppleIntelHD5000GraphicsGLDriver.bundle/Contents/MacOS/AppleIntelHD5000GraphicsGLDriver
0x000000000b39c000 	/System/Library/PrivateFrameworks/IOAccelerator.framework/Versions/A/IOAccelerator
0x000000000b39c000 	/System/Library/PrivateFrameworks/GPUSupport.framework/Versions/A/Libraries/libGPUSupportMercury.dylib
0x000000000b39c000 	/System/Library/Frameworks/OpenGL.framework/Versions/A/Resources/GLRendererFloat.bundle/GLRendererFloat

VM Arguments:
jvm_args: -Djava.library.path=/Users/alfredtan/FlappyBird/Flappy/lwjgl-2.9.3/native/macosx 
java_command: PA1
java_class_path (initial): /Users/alfredtan/FlappyBird/Flappy/lwjgl-2.9.3/jar/AppleJavaExtensions.jar:/Users/alfredtan/FlappyBird/Flappy/lwjgl-2.9.3/jar/asm-debug-all.jar:/Users/alfredtan/FlappyBird/Flappy/lwjgl-2.9.3/jar/jinput.jar:/Users/alfredtan/FlappyBird/Flappy/lwjgl-2.9.3/jar/laf-plugin-7.2.1.jar:/Users/alfredtan/FlappyBird/Flappy/lwjgl-2.9.3/jar/laf-widget-7.2.1.jar:/Users/alfredtan/FlappyBird/Flappy/lwjgl-2.9.3/jar/log4j-api-2.0-beta9.jar:/Users/alfredtan/FlappyBird/Flappy/lwjgl-2.9.3/jar/lwjgl-debug.jar:/Users/alfredtan/FlappyBird/Flappy/lwjgl-2.9.3/jar/lwjgl.jar:/Users/alfredtan/FlappyBird/Flappy/lwjgl-2.9.3/jar/lwjgl_test.jar:/Users/alfredtan/FlappyBird/Flappy/lwjgl-2.9.3/jar/lwjgl_util.jar:/Users/alfredtan/FlappyBird/Flappy/lwjgl-2.9.3/jar/lwjgl_util_applet.jar:/Users/alfredtan/FlappyBird/Flappy/lwjgl-2.9.3/jar/lzma.jar:/Users/alfredtan/FlappyBird/Flappy/lwjgl-2.9.3/jar/substance-7.2.1.jar:/Users/alfredtan/FlappyBird/Flappy/lwjgl-2.9.3/jar/trident-7.2.1.jar:/Users/alfredtan/FlappyBird/Flappy/build/classes
Launcher Type: SUN_STANDARD

Environment Variables:
PATH=/usr/local/bin:/usr/bin:/bin:/usr/sbin:/sbin:/opt/X11/bin:/usr/local/git/bin:/Users/alfredtan/gradle-2.4/bin
SHELL=/bin/bash
DISPLAY=/private/tmp/com.apple.launchd.sDRV3rY80i/org.macosforge.xquartz:0

Signal Handlers:
SIGSEGV: [libjvm.dylib+0x58ef95], sa_mask[0]=11111111011111110111111111111111, sa_flags=SA_ONSTACK|SA_RESTART|SA_SIGINFO
SIGBUS: [libjvm.dylib+0x58ef95], sa_mask[0]=11111111011111110111111111111111, sa_flags=SA_RESTART|SA_SIGINFO
SIGFPE: [libjvm.dylib+0x46c108], sa_mask[0]=11111111011111110111111111111111, sa_flags=SA_RESTART|SA_SIGINFO
SIGPIPE: [libjvm.dylib+0x46c108], sa_mask[0]=11111111011111110111111111111111, sa_flags=SA_RESTART|SA_SIGINFO
SIGXFSZ: [libjvm.dylib+0x46c108], sa_mask[0]=11111111011111110111111111111111, sa_flags=SA_RESTART|SA_SIGINFO
SIGILL: [libjvm.dylib+0x46c108], sa_mask[0]=11111111011111110111111111111111, sa_flags=SA_RESTART|SA_SIGINFO
SIGUSR1: SIG_DFL, sa_mask[0]=11011111011111100000000111000110, sa_flags=none
SIGUSR2: [libjvm.dylib+0x46bc26], sa_mask[0]=00100000000000000000000000000000, sa_flags=SA_RESTART|SA_SIGINFO
SIGHUP: [libjvm.dylib+0x46a1f9], sa_mask[0]=11111111011111110111111111111111, sa_flags=SA_RESTART|SA_SIGINFO
SIGINT: [libjvm.dylib+0x46a1f9], sa_mask[0]=11111111011111110111111111111111, sa_flags=SA_RESTART|SA_SIGINFO
SIGTERM: [libjvm.dylib+0x46a1f9], sa_mask[0]=11111111011111110111111111111111, sa_flags=SA_RESTART|SA_SIGINFO
SIGQUIT: [libjvm.dylib+0x46a1f9], sa_mask[0]=11111111011111110111111111111111, sa_flags=SA_RESTART|SA_SIGINFO


---------------  S Y S T E M  ---------------

OS:Bsduname:Darwin 14.3.0 Darwin Kernel Version 14.3.0: Mon Mar 23 11:59:05 PDT 2015; root:xnu-2782.20.48~5/RELEASE_X86_64 x86_64
rlimit: STACK 8192k, CORE 0k, NPROC 709, NOFILE 10240, AS infinity
load average:2.46 2.58 2.22

CPU:total 4 (2 cores per cpu, 2 threads per core) family 6 model 69 stepping 1, cmov, cx8, fxsr, mmx, sse, sse2, sse3, ssse3, sse4.1, sse4.2, popcnt, avx, avx2, aes, clmul, erms, lzcnt, ht, tsc, tscinvbit, bmi1, bmi2

Memory: 4k page, physical 4194304k(80992k free)

/proc/meminfo:


vm_info: Java HotSpot(TM) 64-Bit Server VM (25.45-b02) for bsd-amd64 JRE (1.8.0_45-b14), built on Apr 10 2015 10:46:38 by "java_re" with gcc 4.2.1 (Based on Apple Inc. build 5658) (LLVM build 2336.11.00)

time: Fri May 15 13:37:47 2015
elapsed time: 5 seconds (0d 0h 0m 5s)

